#
# There is insufficient memory for the Java Runtime Environment to continue.
# Native memory allocation (mmap) failed to map 266338304 bytes for G1 virtual space
# Possible reasons:
#   The system is out of physical RAM or swap space
#   The process is running with CompressedOops enabled, and the Java Heap may be blocking the growth of the native heap
# Possible solutions:
#   Reduce memory load on the system
#   Increase physical memory or swap space
#   Check if swap backing store is full
#   Decrease Java heap size (-Xmx/-Xms)
#   Decrease number of Java threads
#   Decrease Java thread stack sizes (-Xss)
#   Set larger code cache with -XX:ReservedCodeCacheSize=
#   JVM is running with Zero Based Compressed Oops mode in which the Java heap is
#     placed in the first 32GB address space. The Java Heap base address is the
#     maximum limit for the native heap growth. Please use -XX:HeapBaseMinAddress
#     to set the Java Heap base and to place the Java Heap above 32GB virtual address.
# This output file may be truncated or incomplete.
#
#  Out of Memory Error (os_windows.cpp:3559), pid=29060, tid=4960
#
# JRE version:  (17.0.7+7) (build )
# Java VM: OpenJDK 64-Bit Server VM (17.0.7+7-LTS, mixed mode, sharing, tiered, compressed oops, compressed class ptrs, g1 gc, windows-amd64)
# No core dump will be written. Minidumps are not enabled by default on client versions of Windows
#

---------------  S U M M A R Y ------------

Command Line: -Dmaven.multiModuleProjectDirectory=C:\Users\pedro.ramalho\Documents\projects\FIAP\app-fastfood-pagamentos\app -Djansi.passthrough=true -Dmaven.home=C:\Program Files\JetBrains\IntelliJ IDEA Community Edition 2023.1.2\plugins\maven\lib\maven3 -Dclassworlds.conf=C:\Program Files\JetBrains\IntelliJ IDEA Community Edition 2023.1.2\plugins\maven\lib\maven3\bin\m2.conf -Dmaven.ext.class.path=C:\Program Files\JetBrains\IntelliJ IDEA Community Edition 2023.1.2\plugins\maven\lib\maven-event-listener.jar -javaagent:C:\Program Files\JetBrains\IntelliJ IDEA Community Edition 2023.1.2\lib\idea_rt.jar=53508:C:\Program Files\JetBrains\IntelliJ IDEA Community Edition 2023.1.2\bin -Dfile.encoding=UTF-8 org.codehaus.classworlds.Launcher -Didea.version=2023.1.2 clean install -DskipTests

Host: 11th Gen Intel(R) Core(TM) i7-1165G7 @ 2.80GHz, 8 cores, 15G,  Windows 11 , 64 bit Build 22621 (10.0.22621.2506)
Time: Sun Mar 17 18:07:05 2024 Hora oficial do Brasil elapsed time: 0.023794 seconds (0d 0h 0m 0s)

---------------  T H R E A D  ---------------

Current thread (0x0000020454017630):  JavaThread "Unknown thread" [_thread_in_vm, id=4960, stack(0x0000003904100000,0x0000003904200000)]

Stack: [0x0000003904100000,0x0000003904200000]
Native frames: (J=compiled Java code, j=interpreted, Vv=VM code, C=native code)
V  [jvm.dll+0x64b53a]
V  [jvm.dll+0x7fef54]
V  [jvm.dll+0x80070e]
V  [jvm.dll+0x800d63]
V  [jvm.dll+0x236a2b]
V  [jvm.dll+0x64843a]
V  [jvm.dll+0x63ce8a]
V  [jvm.dll+0x2f5629]
V  [jvm.dll+0x2fc826]
V  [jvm.dll+0x348eea]
V  [jvm.dll+0x34912f]
V  [jvm.dll+0x2cb9a8]
V  [jvm.dll+0x2cc939]
V  [jvm.dll+0x7d2cd1]
V  [jvm.dll+0x3563c1]
V  [jvm.dll+0x7b32ae]
V  [jvm.dll+0x3d38d3]
V  [jvm.dll+0x3d52c1]
C  [jli.dll+0x51bf]
C  [ucrtbase.dll+0x29363]
C  [KERNEL32.DLL+0x1257d]
C  [ntdll.dll+0x5aa58]


---------------  P R O C E S S  ---------------

Threads class SMR info:
_java_thread_list=0x00007ff91b70c858, length=0, elements={
}

Java Threads: ( => current thread )

Other Threads:
  0x0000020454083c00 GCTaskThread "GC Thread#0" [stack: 0x0000003904200000,0x0000003904300000] [id=31304]
  0x0000020454094fe0 ConcurrentGCThread "G1 Main Marker" [stack: 0x0000003904300000,0x0000003904400000] [id=32516]
  0x0000020454096190 ConcurrentGCThread "G1 Conc#0" [stack: 0x0000003904400000,0x0000003904500000] [id=29500]

[error occurred during error reporting (printing all threads), id 0xc0000005, EXCEPTION_ACCESS_VIOLATION (0xc0000005) at pc=0x00007ff91aefcc47]

VM state: not at safepoint (not fully initialized)

VM Mutex/Monitor currently owned by a thread:  ([mutex/lock_event])
[0x00000204540136c0] Heap_lock - owner thread: 0x0000020454017630

Heap address: 0x0000000703600000, size: 4042 MB, Compressed Oops mode: Zero based, Oop shift amount: 3

CDS archive(s) mapped at: [0x0000000000000000-0x0000000000000000-0x0000000000000000), size 0, SharedBaseAddress: 0x0000000800000000, ArchiveRelocationMode: 0.
Narrow klass base: 0x0000000000000000, Narrow klass shift: 0, Narrow klass range: 0x0

GC Precious Log:
<Empty>

Heap:
 garbage-first heap   total 0K, used 0K [0x0000000703600000, 0x0000000800000000)
  region size 2048K, 0 young (0K), 0 survivors (0K)

[error occurred during error reporting (printing heap information), id 0xc0000005, EXCEPTION_ACCESS_VIOLATION (0xc0000005) at pc=0x00007ff91b2c3419]

GC Heap History (0 events):
No events

Dll operation events (1 events):
Event: 0.015 Loaded shared library C:\Users\pedro.ramalho\.jdks\corretto-17.0.7\bin\java.dll

Deoptimization events (0 events):
No events

Classes unloaded (0 events):
No events

Classes redefined (0 events):
No events

Internal exceptions (0 events):
No events

VM Operations (0 events):
No events

Events (0 events):
No events


Dynamic libraries:
0x00007ff6c0ad0000 - 0x00007ff6c0add000 	C:\Users\pedro.ramalho\.jdks\corretto-17.0.7\bin\java.exe
0x00007ff9b8db0000 - 0x00007ff9b8fc7000 	C:\WINDOWS\SYSTEM32\ntdll.dll
0x00007ff9b78d0000 - 0x00007ff9b7994000 	C:\WINDOWS\System32\KERNEL32.DLL
0x00007ff9b6720000 - 0x00007ff9b6ac6000 	C:\WINDOWS\System32\KERNELBASE.dll
0x00007ff9b6430000 - 0x00007ff9b6541000 	C:\WINDOWS\System32\ucrtbase.dll
0x00007ff984f00000 - 0x00007ff984f15000 	C:\Users\pedro.ramalho\.jdks\corretto-17.0.7\bin\VCRUNTIME140.dll
0x00007ff985060000 - 0x00007ff985077000 	C:\Users\pedro.ramalho\.jdks\corretto-17.0.7\bin\jli.dll
0x00007ff9b74d0000 - 0x00007ff9b767e000 	C:\WINDOWS\System32\USER32.dll
0x00007ff9b6ad0000 - 0x00007ff9b6af6000 	C:\WINDOWS\System32\win32u.dll
0x00007ff9a6160000 - 0x00007ff9a63f3000 	C:\WINDOWS\WinSxS\amd64_microsoft.windows.common-controls_6595b64144ccf1df_6.0.22621.2506_none_270c5ae97388e100\COMCTL32.dll
0x00007ff9b8060000 - 0x00007ff9b8089000 	C:\WINDOWS\System32\GDI32.dll
0x00007ff9b6b10000 - 0x00007ff9b6bb7000 	C:\WINDOWS\System32\msvcrt.dll
0x00007ff9b6310000 - 0x00007ff9b6428000 	C:\WINDOWS\System32\gdi32full.dll
0x00007ff9b6680000 - 0x00007ff9b671a000 	C:\WINDOWS\System32\msvcp_win.dll
0x00007ff9b8c30000 - 0x00007ff9b8c61000 	C:\WINDOWS\System32\IMM32.DLL
0x00007ff976270000 - 0x00007ff97630b000 	C:\Users\pedro.ramalho\.jdks\corretto-17.0.7\bin\msvcp140.dll
0x00007ff91ac20000 - 0x00007ff91b83a000 	C:\Users\pedro.ramalho\.jdks\corretto-17.0.7\bin\server\jvm.dll
0x00007ff9b8090000 - 0x00007ff9b8141000 	C:\WINDOWS\System32\ADVAPI32.dll
0x00007ff9b7700000 - 0x00007ff9b77a5000 	C:\WINDOWS\System32\sechost.dll
0x00007ff9b7190000 - 0x00007ff9b72a7000 	C:\WINDOWS\System32\RPCRT4.dll
0x00007ff9af7d0000 - 0x00007ff9af804000 	C:\WINDOWS\SYSTEM32\WINMM.dll
0x00007ff9af0b0000 - 0x00007ff9af0ba000 	C:\WINDOWS\SYSTEM32\VERSION.dll
0x00007ff9a4c90000 - 0x00007ff9a4c99000 	C:\WINDOWS\SYSTEM32\WSOCK32.dll
0x00007ff9b7110000 - 0x00007ff9b7181000 	C:\WINDOWS\System32\WS2_32.dll
0x00007ff9b50e0000 - 0x00007ff9b50f8000 	C:\WINDOWS\SYSTEM32\kernel.appcore.dll
0x00007ff9ae990000 - 0x00007ff9ae99a000 	C:\Users\pedro.ramalho\.jdks\corretto-17.0.7\bin\jimage.dll
0x00007ff9b3530000 - 0x00007ff9b3763000 	C:\WINDOWS\SYSTEM32\DBGHELP.DLL
0x00007ff9b6d80000 - 0x00007ff9b7109000 	C:\WINDOWS\System32\combase.dll
0x00007ff9b73f0000 - 0x00007ff9b74c7000 	C:\WINDOWS\System32\OLEAUT32.dll
0x00007ff9a9fe0000 - 0x00007ff9aa012000 	C:\WINDOWS\SYSTEM32\dbgcore.DLL
0x00007ff9b6120000 - 0x00007ff9b619a000 	C:\WINDOWS\System32\bcryptPrimitives.dll
0x00007ff9aea20000 - 0x00007ff9aea2e000 	C:\Users\pedro.ramalho\.jdks\corretto-17.0.7\bin\instrument.dll
0x00007ff983960000 - 0x00007ff983985000 	C:\Users\pedro.ramalho\.jdks\corretto-17.0.7\bin\java.dll

dbghelp: loaded successfully - version: 4.0.5 - missing functions: none
symbol engine: initialized successfully - sym options: 0x614 - pdb path: .;C:\Users\pedro.ramalho\.jdks\corretto-17.0.7\bin;C:\WINDOWS\SYSTEM32;C:\WINDOWS\WinSxS\amd64_microsoft.windows.common-controls_6595b64144ccf1df_6.0.22621.2506_none_270c5ae97388e100;C:\Users\pedro.ramalho\.jdks\corretto-17.0.7\bin\server

VM Arguments:
jvm_args: -Dmaven.multiModuleProjectDirectory=C:\Users\pedro.ramalho\Documents\projects\FIAP\app-fastfood-pagamentos\app -Djansi.passthrough=true -Dmaven.home=C:\Program Files\JetBrains\IntelliJ IDEA Community Edition 2023.1.2\plugins\maven\lib\maven3 -Dclassworlds.conf=C:\Program Files\JetBrains\IntelliJ IDEA Community Edition 2023.1.2\plugins\maven\lib\maven3\bin\m2.conf -Dmaven.ext.class.path=C:\Program Files\JetBrains\IntelliJ IDEA Community Edition 2023.1.2\plugins\maven\lib\maven-event-listener.jar -javaagent:C:\Program Files\JetBrains\IntelliJ IDEA Community Edition 2023.1.2\lib\idea_rt.jar=53508:C:\Program Files\JetBrains\IntelliJ IDEA Community Edition 2023.1.2\bin -Dfile.encoding=UTF-8 
java_command: org.codehaus.classworlds.Launcher -Didea.version=2023.1.2 clean install -DskipTests
java_class_path (initial): C:\Program Files\JetBrains\IntelliJ IDEA Community Edition 2023.1.2\plugins\maven\lib\maven3\boot\plexus-classworlds-2.6.0.jar;C:\Program Files\JetBrains\IntelliJ IDEA Community Edition 2023.1.2\plugins\maven\lib\maven3\boot\plexus-classworlds.license
Launcher Type: SUN_STANDARD

[Global flags]
     intx CICompilerCount                          = 4                                         {product} {ergonomic}
     uint ConcGCThreads                            = 2                                         {product} {ergonomic}
     uint G1ConcRefinementThreads                  = 8                                         {product} {ergonomic}
   size_t G1HeapRegionSize                         = 2097152                                   {product} {ergonomic}
    uintx GCDrainStackTargetSize                   = 64                                        {product} {ergonomic}
   size_t InitialHeapSize                          = 266338304                                 {product} {ergonomic}
   size_t MarkStackSize                            = 4194304                                   {product} {ergonomic}
   size_t MaxHeapSize                              = 4238344192                                {product} {ergonomic}
   size_t MinHeapDeltaBytes                        = 2097152                                   {product} {ergonomic}
   size_t MinHeapSize                              = 8388608                                   {product} {ergonomic}
    uintx NonNMethodCodeHeapSize                   = 5839372                                {pd product} {ergonomic}
    uintx NonProfiledCodeHeapSize                  = 122909434                              {pd product} {ergonomic}
    uintx ProfiledCodeHeapSize                     = 122909434                              {pd product} {ergonomic}
    uintx ReservedCodeCacheSize                    = 251658240                              {pd product} {ergonomic}
     bool SegmentedCodeCache                       = true                                      {product} {ergonomic}
   size_t SoftMaxHeapSize                          = 4238344192                             {manageable} {ergonomic}
     bool UseCompressedClassPointers               = true                           {product lp64_product} {ergonomic}
     bool UseCompressedOops                        = true                           {product lp64_product} {ergonomic}
     bool UseG1GC                                  = true                                      {product} {ergonomic}
     bool UseLargePagesIndividualAllocation        = false                                  {pd product} {ergonomic}

Logging:
Log output configuration:
 #0: stdout all=warning uptime,level,tags
 #1: stderr all=off uptime,level,tags

Environment Variables:
JAVA_HOME=C:\Program Files\Java\jdk1.8.0_202
PATH=c:\Users\pedro.ramalho\AppData\Local\Programs\cursor\resources\app\bin;c:\Users\pedro.ramalho\AppData\Local\Programs\cursor\resources\app\bin;C:\Program Files (x86)\Common Files\Oracle\Java\javapath;C:\Windows\system32;C:\Windows;C:\Windows\System32\Wbem;C:\Windows\System32\WindowsPowerShell\v1.0\;C:\Windows\System32\OpenSSH\;C:\Program Files (x86)\NVIDIA Corporation\PhysX\Common;C:\WINDOWS\system32;C:\WINDOWS;C:\WINDOWS\System32\Wbem;C:\WINDOWS\System32\WindowsPowerShell\v1.0\;C:\WINDOWS\System32\OpenSSH\;C:\Program Files\NVIDIA Corporation\NVIDIA NvDLISR;C:\Program Files\Git\cmd;C:\Program Files (x86)\Yarn\bin\;C:\Program Files\Amazon\AWSCLIV2\;C:\ProgramData\chocolatey\bin;C:\Program Files\Kubernetes\Minikube;C:\Program Files\Microsoft SQL Server\Client SDK\ODBC\170\Tools\Binn\;C:\Program Files (x86)\Microsoft SQL Server\160\DTS\Binn\;C:\Progr;C:\Program Files (x86)\Microsoft SQL Server\160\Tools\Binn\;C:\Program Files\Microsoft SQL Server\160\Tools\Binn\;C:\Program Files\Microsoft SQL Server\160\DTS\Binn\;C:\Program Files\Microsoft SQL Server\130\Tools\Binn\;C:\Program Files\Microsoft SQL Server\150\Tools\Binn\;C:\Program Files\dotnet\;C:\Program Files (x86)\Microsoft SQL Server\110\DTS\Binn\;C:\Program Files (x86)\Microsoft SQL Server\120\DTS\Binn\;C:\Program Files (x86)\Microsoft SQL Server\130\DTS\Binn\;C:\Program Files (x86)\Microsoft SQL Server\140\DTS\Binn\;C:\Program Files (x86)\Microsoft SQL Server\150\DTS\Binn\;C:\Program Files\Docker;C:\Users\pedro.ramalho\.pyenv\pyenv-win\bin;C:\Users\pedro.ramalho\.pyenv\pyenv-win\shims;C:\Users\pedro.ramalho\AppData\Roaming\npm;C:\Users\pedro.ramalho\scoop\apps\openjdk\current\bin;C:\Users\pedro.ramalho\scoop\shims;C:\Users\pedro.ramalho\AppData\Local\Microsoft\WindowsApps;C:\Users\pedro.ramalho\AppData\Local\Programs\Microsoft VS Code\bin;C:\Users\pedro.ramalho\AppData\Local\Yarn\bin;C:\Program Files\OpenSSL-Win64\bin;C:\Program Files\Azure Data Studio\bin;C:\Users\pedro.ramalho\AppData\Roaming\nvm;C:\Program Fil
USERNAME=pedro.ramalho
OS=Windows_NT
PROCESSOR_IDENTIFIER=Intel64 Family 6 Model 140 Stepping 1, GenuineIntel
TMP=C:\Users\PEDRO~1.RAM\AppData\Local\Temp
TEMP=C:\Users\PEDRO~1.RAM\AppData\Local\Temp



---------------  S Y S T E M  ---------------

OS:
 Windows 11 , 64 bit Build 22621 (10.0.22621.2506)
OS uptime: 1 days 3:52 hours
Hyper-V role detected

CPU: total 8 (initial active 8) (4 cores per cpu, 2 threads per core) family 6 model 140 stepping 1 microcode 0xaa, cx8, cmov, fxsr, ht, mmx, 3dnowpref, sse, sse2, sse3, ssse3, sse4.1, sse4.2, popcnt, lzcnt, tsc, tscinvbit, avx, avx2, aes, erms, clmul, bmi1, bmi2, adx, avx512f, avx512dq, avx512cd, avx512bw, avx512vl, sha, fma, vzeroupper, avx512_vpopcntdq, avx512_vpclmulqdq, avx512_vaes, avx512_vnni, clflush, clflushopt, clwb, avx512_vbmi2, avx512_vbmi, hv

Memory: 4k page, system-wide physical 16167M (1195M free)
TotalPageFile size 24167M (AvailPageFile size 187M)
current process WorkingSet (physical memory assigned to process): 11M, peak: 11M
current process commit charge ("private bytes"): 60M, peak: 314M

vm_info: OpenJDK 64-Bit Server VM (17.0.7+7-LTS) for windows-amd64 JRE (17.0.7+7-LTS), built on Apr 14 2023 01:39:21 by "Administrator" with MS VC++ 15.9 (VS2017)

END.
